<?xml version="1.0" encoding="UTF-8"?>
<!-- Generated by org.testng.reporters.JUnitXMLReporter -->
<testsuite ignored="0" hostname="Sakshi" failures="0" tests="3" name="Default test" time="12.992" errors="0" timestamp="2025-08-20T14:08:21 IST">
  <testcase classname="testdemo1.listenerpractice" name="logIn" time="6.138"/>
  <testcase classname="testdemo1.listenerpractice" name="checkTitleName" time="0.03"/>
  <testcase classname="testdemo1.listenerpractice" name="clickBook" time="1.484">
    <skipped/>
  </testcase> <!-- clickBook -->
</testsuite> <!-- Default test -->
