<?xml version="1.0" encoding="UTF-8"?>
<!-- Generated by org.testng.reporters.JUnitXMLReporter -->
<testsuite ignored="0" hostname="Sakshi" failures="0" tests="3" name="Test" time="21.376" errors="0" timestamp="2025-08-13T10:53:20 IST">
  <testcase classname="testdemo1.Annotations" name="verifypage" time="0.017"/>
  <testcase classname="testdemo1.Annotations" name="LoginTest" time="0.931"/>
  <testcase classname="testdemo1.Launch" name="registerNewUser" time="6.013"/>
</testsuite> <!-- Test -->
