<?xml version="1.0" encoding="UTF-8"?>
<testng-results ignored="0" total="3" passed="2" failed="0" skipped="1">
  <reporter-output>
  </reporter-output>
  <suite started-at="2025-08-20T14:08:08 IST" name="Default suite" finished-at="2025-08-20T14:08:21 IST" duration-ms="12992">
    <groups>
    </groups>
    <test started-at="2025-08-20T14:08:08 IST" name="Default test" finished-at="2025-08-20T14:08:21 IST" duration-ms="12992">
      <class name="testdemo1.listenerpractice">
        <test-method is-config="true" signature="launchbrower()[pri:0, instance:testdemo1.listenerpractice@1ff4931d]" started-at="2025-08-20T14:08:08 IST" name="launchbrower" finished-at="2025-08-20T14:08:13 IST" duration-ms="5209" status="PASS">
          <reporter-output>
          </reporter-output>
        </test-method> <!-- launchbrower -->
        <test-method signature="logIn()[pri:1, instance:testdemo1.listenerpractice@1ff4931d]" started-at="2025-08-20T14:08:14 IST" name="logIn" finished-at="2025-08-20T14:08:20 IST" duration-ms="6138" status="PASS">
          <reporter-output>
          </reporter-output>
        </test-method> <!-- logIn -->
        <test-method signature="checkTitleName()[pri:2, instance:testdemo1.listenerpractice@1ff4931d]" started-at="2025-08-20T14:08:20 IST" name="checkTitleName" finished-at="2025-08-20T14:08:20 IST" duration-ms="30" status="PASS">
          <reporter-output>
          </reporter-output>
        </test-method> <!-- checkTitleName -->
        <test-method signature="clickBook()[pri:3, instance:testdemo1.listenerpractice@1ff4931d]" started-at="2025-08-20T14:08:20 IST" name="clickBook" finished-at="2025-08-20T14:08:21 IST" duration-ms="1484" status="SKIP">
          <exception class="org.testng.SkipException">
            <message>
              <![CDATA[Skipping this test.]]>
            </message>
            <full-stacktrace>
              <![CDATA[org.testng.SkipException: Skipping this test.
at testdemo1.listenerpractice.clickBook(listenerpractice.java:46)
at java.base/jdk.internal.reflect.NativeMethodAccessorImpl.invoke0(Native Method)
at java.base/jdk.internal.reflect.NativeMethodAccessorImpl.invoke(NativeMethodAccessorImpl.java:77)
at java.base/jdk.internal.reflect.DelegatingMethodAccessorImpl.invoke(DelegatingMethodAccessorImpl.java:43)
at java.base/java.lang.reflect.Method.invoke(Method.java:568)
at org.testng.internal.invokers.MethodInvocationHelper.invokeMethod(MethodInvocationHelper.java:141)
at org.testng.internal.invokers.TestInvoker.invokeMethod(TestInvoker.java:687)
at org.testng.internal.invokers.TestInvoker.invokeTestMethod(TestInvoker.java:230)
at org.testng.internal.invokers.MethodRunner.runInSequence(MethodRunner.java:63)
at org.testng.internal.invokers.TestInvoker$MethodInvocationAgent.invoke(TestInvoker.java:995)
at org.testng.internal.invokers.TestInvoker.invokeTestMethods(TestInvoker.java:203)
at org.testng.internal.invokers.TestMethodWorker.invokeTestMethods(TestMethodWorker.java:154)
at org.testng.internal.invokers.TestMethodWorker.run(TestMethodWorker.java:134)
at java.base/java.util.ArrayList.forEach(ArrayList.java:1511)
at org.testng.TestRunner.privateRun(TestRunner.java:741)
at org.testng.TestRunner.run(TestRunner.java:616)
at org.testng.SuiteRunner.runTest(SuiteRunner.java:421)
at org.testng.SuiteRunner.runSequentially(SuiteRunner.java:413)
at org.testng.SuiteRunner.privateRun(SuiteRunner.java:373)
at org.testng.SuiteRunner.run(SuiteRunner.java:312)
at org.testng.SuiteRunnerWorker.runSuite(SuiteRunnerWorker.java:52)
at org.testng.SuiteRunnerWorker.run(SuiteRunnerWorker.java:95)
at org.testng.TestNG.runSuitesSequentially(TestNG.java:1274)
at org.testng.TestNG.runSuitesLocally(TestNG.java:1208)
at org.testng.TestNG.runSuites(TestNG.java:1112)
at org.testng.TestNG.run(TestNG.java:1079)
at org.testng.remote.AbstractRemoteTestNG.run(AbstractRemoteTestNG.java:115)
at org.testng.remote.RemoteTestNG.initAndRun(RemoteTestNG.java:293)
at org.testng.remote.RemoteTestNG.main(RemoteTestNG.java:91)
]]>
            </full-stacktrace>
          </exception> <!-- org.testng.SkipException -->
          <reporter-output>
          </reporter-output>
        </test-method> <!-- clickBook -->
      </class> <!-- testdemo1.listenerpractice -->
    </test> <!-- Default test -->
  </suite> <!-- Default suite -->
</testng-results>
